<?xml version="1.0" encoding="UTF-8"?>
<!-- Generated by org.testng.reporters.JUnitReportReporter -->
<testsuite hostname="NYMCHNCPU317" failures="0" tests="3" name="Selenium_SampleProject.Selenium_SampleProject.BrowserLaunch" time="29.564" errors="0" timestamp="2024-02-07T14:08:24 IST" skipped="0">
  <testcase classname="Selenium_SampleProject.Selenium_SampleProject.BrowserLaunch" name="browserlauch" time="6.518"/>
  <system-out/>
  <testcase classname="Selenium_SampleProject.Selenium_SampleProject.BrowserLaunch" name="maximizeWindow" time="20.588"/>
  <system-out/>
  <testcase classname="Selenium_SampleProject.Selenium_SampleProject.BrowserLaunch" name="exit" time="2.458"/>
  <system-out/>
</testsuite> <!-- Selenium_SampleProject.Selenium_SampleProject.BrowserLaunch -->
